<?xml version="1.0" encoding="UTF-8"?>
<!-- Generated by org.testng.reporters.JUnitXMLReporter -->
<testsuite hostname="DESKTOP-6QJKN6Q" ignored="0" name="Default test" tests="3" failures="0" timestamp="2020-06-18T08:35:13 GST" time="0.154" errors="0">
  <testcase name="@BeforeTest setUpTest" time="-1.592454912961E9" classname="ShoppingMall.addProduct">
    <failure type="org.testng.TestNGException" message="
Parameter &amp;apos;browserName&amp;apos; is required by BeforeTest on method setUpTest but has not been marked @Optional or defined
in C:\Users\fathih\AppData\Local\Temp\testng-eclipse-1081131037\testng-customsuite.xml">
      <![CDATA[org.testng.TestNGException: 
Parameter 'browserName' is required by BeforeTest on method setUpTest but has not been marked @Optional or defined
in C:\Users\fathih\AppData\Local\Temp\testng-eclipse-1081131037\testng-customsuite.xml
at org.testng.internal.Parameters.createParams(Parameters.java:268)
at org.testng.internal.Parameters.createParametersForMethod(Parameters.java:356)
at org.testng.internal.Parameters.createParameters(Parameters.java:700)
at org.testng.internal.Parameters.createConfigurationParameters(Parameters.java:166)
at org.testng.internal.ConfigInvoker.invokeConfigurations(ConfigInvoker.java:299)
at org.testng.TestRunner.invokeTestConfigurations(TestRunner.java:620)
at org.testng.TestRunner.beforeRun(TestRunner.java:610)
at org.testng.TestRunner.run(TestRunner.java:581)
at org.testng.SuiteRunner.runTest(SuiteRunner.java:384)
at org.testng.SuiteRunner.runSequentially(SuiteRunner.java:378)
at org.testng.SuiteRunner.privateRun(SuiteRunner.java:337)
at org.testng.SuiteRunner.run(SuiteRunner.java:286)
at org.testng.SuiteRunnerWorker.runSuite(SuiteRunnerWorker.java:53)
at org.testng.SuiteRunnerWorker.run(SuiteRunnerWorker.java:96)
at org.testng.TestNG.runSuitesSequentially(TestNG.java:1214)
at org.testng.TestNG.runSuitesLocally(TestNG.java:1136)
at org.testng.TestNG.runSuites(TestNG.java:1066)
at org.testng.TestNG.run(TestNG.java:1034)
at org.testng.remote.AbstractRemoteTestNG.run(AbstractRemoteTestNG.java:115)
at org.testng.remote.RemoteTestNG.initAndRun(RemoteTestNG.java:251)
at org.testng.remote.RemoteTestNG.main(RemoteTestNG.java:77)
]]>
    </failure>
  </testcase> <!-- @BeforeTest setUpTest -->
  <testcase name="@AfterTest tearDown" time="-1.592454913099E9" classname="ShoppingMall.addProduct">
    <skipped/>
  </testcase> <!-- @AfterTest tearDown -->
  <testcase name="testProduct" time="0.0" classname="ShoppingMall.addProduct">
    <skipped/>
  </testcase> <!-- testProduct -->
  <testcase name="addNewProduct" time="0.0" classname="ShoppingMall.addProduct">
    <skipped/>
  </testcase> <!-- addNewProduct -->
  <testcase name="verifyAdminUsers" time="0.0" classname="ShoppingMall.addProduct">
    <skipped/>
  </testcase> <!-- verifyAdminUsers -->
</testsuite> <!-- Default test -->
